2022-08-04 12:37:33,859 [Worker-6: Loading available Gradle versions] INFO  o.e.b.c.i.u.g.PublishedGradleVersions - Gradle version information cache is up-to-date. Trying to read.
2022-08-04 14:25:07,693 [main] INFO  org.eclipse.jetty.util.log - Logging initialized @6468955ms to org.eclipse.jetty.util.log.Slf4jLog
2022-08-04 14:25:07,800 [main] INFO  org.eclipse.jetty.server.Server - jetty-9.4.31.v20200723; built: 2020-08-03T13:24:06.825Z; git: 450ba27947e13e66baa8cd1ce7e85a4461cacc1d; jvm 11+28
2022-08-04 14:25:07,815 [main] INFO  org.eclipse.jetty.server.session - DefaultSessionIdManager workerName=node0
2022-08-04 14:25:07,816 [main] INFO  org.eclipse.jetty.server.session - No SessionScavenger set, using defaults
2022-08-04 14:25:07,817 [main] INFO  org.eclipse.jetty.server.session - node0 Scavenging every 660000ms
2022-08-04 14:25:07,839 [main] INFO  o.e.j.server.handler.ContextHandler - Started o.e.j.s.ServletContextHandler@1cccf5b2{/wse,null,AVAILABLE}
2022-08-04 14:25:07,849 [main] INFO  o.e.jetty.server.AbstractConnector - Started ServerConnector@564fddfd{HTTP/1.1, (http/1.1)}{0.0.0.0:57191}
2022-08-04 14:25:07,849 [main] INFO  org.eclipse.jetty.server.Server - Started @6469113ms
2022-08-04 14:25:07,849 [main] INFO  org.eclipse.jetty.server.session - node0 Scavenging every 660000ms
2022-08-04 16:22:33,737 [Framework stop - Equinox Container: 4370e028-e87f-42b3-8075-6c64c8b9210b] INFO  o.e.jetty.server.AbstractConnector - Stopped ServerConnector@564fddfd{HTTP/1.1, (http/1.1)}{0.0.0.0:0}
2022-08-04 16:22:33,738 [Framework stop - Equinox Container: 4370e028-e87f-42b3-8075-6c64c8b9210b] INFO  org.eclipse.jetty.server.session - node0 Stopped scavenging
2022-08-04 16:22:33,762 [Framework stop - Equinox Container: 4370e028-e87f-42b3-8075-6c64c8b9210b] INFO  o.e.j.server.handler.ContextHandler - Stopped o.e.j.s.ServletContextHandler@1cccf5b2{/wse,null,UNAVAILABLE}
2022-08-05 09:20:01,180 [Worker-2: Loading available Gradle versions] INFO  o.e.b.c.i.u.g.PublishedGradleVersions - Gradle version information cache is up-to-date. Trying to read.
2022-08-05 12:34:58,603 [Worker-3: Loading available Gradle versions] INFO  o.e.b.c.i.u.g.PublishedGradleVersions - Gradle version information cache is up-to-date. Trying to read.
2022-08-08 09:04:57,640 [Worker-6: Loading available Gradle versions] INFO  o.e.b.c.i.u.g.PublishedGradleVersions - Gradle version information cache is out-of-date. Trying to update.
2022-08-08 16:28:10,530 [Worker-2: Loading available Gradle versions] INFO  o.e.b.c.i.u.g.PublishedGradleVersions - Gradle version information cache is up-to-date. Trying to read.
2022-08-09 09:09:09,292 [Worker-7: Loading available Gradle versions] INFO  o.e.b.c.i.u.g.PublishedGradleVersions - Gradle version information cache is up-to-date. Trying to read.
2022-08-09 16:50:45,752 [Worker-3: Loading available Gradle versions] INFO  o.e.b.c.i.u.g.PublishedGradleVersions - Gradle version information cache is up-to-date. Trying to read.
2022-08-10 09:19:06,194 [Worker-8: Loading available Gradle versions] INFO  o.e.b.c.i.u.g.PublishedGradleVersions - Gradle version information cache is out-of-date. Trying to update.
2022-08-11 09:08:10,164 [Worker-1: Loading available Gradle versions] INFO  o.e.b.c.i.u.g.PublishedGradleVersions - Gradle version information cache is up-to-date. Trying to read.
2022-08-11 15:22:31,667 [Worker-0: Loading available Gradle versions] INFO  o.e.b.c.i.u.g.PublishedGradleVersions - Gradle version information cache is out-of-date. Trying to update.
